Arguments: 
  /usr/local/bin/node /opt/yarn/bin/yarn.js add @polymer/polymer@next

PATH: 
  /usr/local/sbin:/usr/local/bin:/usr/sbin:/usr/bin:/sbin:/bin

Yarn version: 
  1.3.2

Node version: 
  9.3.0

Platform: 
  linux x64

npm manifest: 
  {
    "name": "yarn",
    "version": "1.0.0",
    "main": "entrypoint.js",
    "license": "MIT",
    "flat": true,
    "dependencies": {
      "@polymer/app-layout": "*",
      "@polymer/app-route": "*",
      "@polymer/iron-collapse": "*",
      "@polymer/iron-fit-behavior": "*",
      "@polymer/iron-flex-layout": "*",
      "@polymer/iron-icon": "*",
      "@polymer/iron-icons": "*",
      "@polymer/iron-iconset-svg": "*",
      "@polymer/iron-localstorage": "*",
      "@polymer/iron-media-query": "*",
      "@polymer/iron-overlay-behavior": "*",
      "@polymer/iron-pages": "*",
      "@polymer/iron-selector": "*",
      "@polymer/neon-animation": "*",
      "@polymer/paper-button": "*",
      "@polymer/paper-card": "*",
      "@polymer/paper-dialog": "*",
      "@polymer/paper-dialog-behavior": "*",
      "@polymer/paper-fab": "*",
      "@polymer/paper-header-panel": "*",
      "@polymer/paper-icon-button": "*",
      "@polymer/paper-item": "*",
      "@polymer/paper-listbox": "*",
      "@polymer/paper-material": "*",
      "@polymer/paper-radio-group": "*",
      "@polymer/paper-spinner": "*",
      "@polymer/paper-tabs": "*",
      "@polymer/polymer": "*",
      "@webcomponents/shadycss": "*",
      "@webcomponents/webcomponentsjs": "*",
    },
    "resolutions": {
      "@polymer/iron-flex-layout": "3.0.0-pre.10",
      "@polymer/iron-media-query": "3.0.0-pre.10",
      "@polymer/polymer": "3.0.0-pre.10",
      "@polymer/iron-resizable-behavior": "3.0.0-pre.10"
    }
  }

yarn manifest: 
  No manifest

Lockfile: 
  No lockfile

Trace: 
  SyntaxError: /project/application/source/packageManager/webcomponent.browser.yarn/package.json: Unexpected token } in JSON at position 1196
      at JSON.parse (<anonymous>)
      at /opt/yarn/lib/cli.js:770:59
      at Generator.next (<anonymous>)
      at step (/opt/yarn/lib/cli.js:92:30)
      at /opt/yarn/lib/cli.js:103:13
      at <anonymous>
